2021-01-08 01:40:52.753  INFO 23712 --- [restartedMain] p.u.i.e.projeto.ProjetoEsofApplication   : Starting ProjetoEsofApplication on LAPTOP-2FDA8FO3 with PID 23712 (C:\Users\ppinh\OneDrive\Documentos\GitHub\ProjetoESOF1\target\classes started by ppinh in C:\Users\ppinh\OneDrive\Documentos\GitHub\ProjetoESOF1)
2021-01-08 01:40:52.774  INFO 23712 --- [restartedMain] p.u.i.e.projeto.ProjetoEsofApplication   : No active profile set, falling back to default profiles: default
2021-01-08 01:41:07.517  INFO 23712 --- [restartedMain] pt.ufp.info.esof.projeto.Inicializacao   : 


Inicializou



2021-01-08 01:41:07.867  INFO 23712 --- [restartedMain] p.u.i.e.projeto.ProjetoEsofApplication   : Started ProjetoEsofApplication in 16.495 seconds (JVM running for 20.599)
2021-01-08 01:42:59.360  INFO 24180 --- [main] p.u.i.e.p.c.EmpregadoControllerTest      : Starting EmpregadoControllerTest on LAPTOP-2FDA8FO3 with PID 24180 (started by ppinh in C:\Users\ppinh\OneDrive\Documentos\GitHub\ProjetoESOF1)
2021-01-08 01:42:59.370  INFO 24180 --- [main] p.u.i.e.p.c.EmpregadoControllerTest      : No active profile set, falling back to default profiles: default
2021-01-08 01:43:04.463  INFO 24180 --- [main] p.u.i.e.p.c.EmpregadoControllerTest      : Started EmpregadoControllerTest in 6.855 seconds (JVM running for 10.697)
2021-01-08 01:45:04.875  INFO 22456 --- [main] p.u.i.e.p.c.EmpregadoControllerTest      : Starting EmpregadoControllerTest on LAPTOP-2FDA8FO3 with PID 22456 (started by ppinh in C:\Users\ppinh\OneDrive\Documentos\GitHub\ProjetoESOF1)
2021-01-08 01:45:04.894  INFO 22456 --- [main] p.u.i.e.p.c.EmpregadoControllerTest      : No active profile set, falling back to default profiles: default
2021-01-08 01:45:09.422  INFO 22456 --- [main] p.u.i.e.p.c.EmpregadoControllerTest      : Started EmpregadoControllerTest in 6.182 seconds (JVM running for 10.948)
2021-01-08 01:54:46.730  INFO 1496 --- [restartedMain] p.u.i.e.projeto.ProjetoEsofApplication   : Starting ProjetoEsofApplication on LAPTOP-2FDA8FO3 with PID 1496 (C:\Users\ppinh\OneDrive\Documentos\GitHub\ProjetoESOF1\target\classes started by ppinh in C:\Users\ppinh\OneDrive\Documentos\GitHub\ProjetoESOF1)
2021-01-08 01:54:46.734  INFO 1496 --- [restartedMain] p.u.i.e.projeto.ProjetoEsofApplication   : No active profile set, falling back to default profiles: default
2021-01-08 01:54:51.231  INFO 1496 --- [restartedMain] pt.ufp.info.esof.projeto.Inicializacao   : 


Inicializou



2021-01-08 01:54:51.310  INFO 1496 --- [restartedMain] p.u.i.e.projeto.ProjetoEsofApplication   : Started ProjetoEsofApplication in 4.969 seconds (JVM running for 6.592)
2021-01-08 01:59:30.819  INFO 1496 --- [restartedMain] p.u.i.e.projeto.ProjetoEsofApplication   : Starting ProjetoEsofApplication on LAPTOP-2FDA8FO3 with PID 1496 (C:\Users\ppinh\OneDrive\Documentos\GitHub\ProjetoESOF1\target\classes started by ppinh in C:\Users\ppinh\OneDrive\Documentos\GitHub\ProjetoESOF1)
2021-01-08 01:59:30.820  INFO 1496 --- [restartedMain] p.u.i.e.projeto.ProjetoEsofApplication   : No active profile set, falling back to default profiles: default
2021-01-08 01:59:32.701  INFO 1496 --- [restartedMain] p.u.i.e.projeto.ProjetoEsofApplication   : Started ProjetoEsofApplication in 1.974 seconds (JVM running for 287.984)
2021-01-08 01:59:36.712  INFO 1496 --- [restartedMain] p.u.i.e.projeto.ProjetoEsofApplication   : Starting ProjetoEsofApplication on LAPTOP-2FDA8FO3 with PID 1496 (C:\Users\ppinh\OneDrive\Documentos\GitHub\ProjetoESOF1\target\classes started by ppinh in C:\Users\ppinh\OneDrive\Documentos\GitHub\ProjetoESOF1)
2021-01-08 01:59:36.712  INFO 1496 --- [restartedMain] p.u.i.e.projeto.ProjetoEsofApplication   : No active profile set, falling back to default profiles: default
2021-01-08 01:59:38.639  INFO 1496 --- [restartedMain] pt.ufp.info.esof.projeto.Inicializacao   : 


Inicializou



2021-01-08 01:59:38.663  INFO 1496 --- [restartedMain] p.u.i.e.projeto.ProjetoEsofApplication   : Started ProjetoEsofApplication in 2.025 seconds (JVM running for 293.946)
2021-01-08 01:59:39.799  INFO 10128 --- [restartedMain] p.u.i.e.projeto.ProjetoEsofApplication   : Starting ProjetoEsofApplication on LAPTOP-2FDA8FO3 with PID 10128 (C:\Users\ppinh\OneDrive\Documentos\GitHub\ProjetoESOF1\target\classes started by ppinh in C:\Users\ppinh\OneDrive\Documentos\GitHub\ProjetoESOF1)
2021-01-08 01:59:39.805  INFO 10128 --- [restartedMain] p.u.i.e.projeto.ProjetoEsofApplication   : No active profile set, falling back to default profiles: default
2021-01-08 01:59:44.667 ERROR 10128 --- [restartedMain] o.s.b.d.LoggingFailureAnalysisReporter   : 

***************************
APPLICATION FAILED TO START
***************************

Description:

Web server failed to start. Port 8080 was already in use.

Action:

Identify and stop the process that's listening on port 8080 or configure this application to listen on another port.

2021-01-08 02:20:08.650  INFO 1496 --- [restartedMain] p.u.i.e.projeto.ProjetoEsofApplication   : Starting ProjetoEsofApplication on LAPTOP-2FDA8FO3 with PID 1496 (C:\Users\ppinh\OneDrive\Documentos\GitHub\ProjetoESOF1\target\classes started by ppinh in C:\Users\ppinh\OneDrive\Documentos\GitHub\ProjetoESOF1)
2021-01-08 02:20:08.650  INFO 1496 --- [restartedMain] p.u.i.e.projeto.ProjetoEsofApplication   : No active profile set, falling back to default profiles: default
2021-01-08 02:20:09.849 ERROR 1496 --- [restartedMain] o.s.b.d.LoggingFailureAnalysisReporter   : 

***************************
APPLICATION FAILED TO START
***************************

Description:

Parameter 0 of constructor in pt.ufp.info.esof.projeto.controllers.TarefaController required a bean of type 'pt.ufp.info.esof.projeto.services.TarefaService' that could not be found.


Action:

Consider defining a bean of type 'pt.ufp.info.esof.projeto.services.TarefaService' in your configuration.

2021-01-08 02:20:12.117  INFO 25144 --- [restartedMain] p.u.i.e.projeto.ProjetoEsofApplication   : Starting ProjetoEsofApplication on LAPTOP-2FDA8FO3 with PID 25144 (C:\Users\ppinh\OneDrive\Documentos\GitHub\ProjetoESOF1\target\classes started by ppinh in C:\Users\ppinh\OneDrive\Documentos\GitHub\ProjetoESOF1)
2021-01-08 02:20:12.120  INFO 25144 --- [restartedMain] p.u.i.e.projeto.ProjetoEsofApplication   : No active profile set, falling back to default profiles: default
2021-01-08 02:20:16.122  INFO 25144 --- [restartedMain] pt.ufp.info.esof.projeto.Inicializacao   : 


Inicializou



2021-01-08 02:20:16.224  INFO 25144 --- [restartedMain] p.u.i.e.projeto.ProjetoEsofApplication   : Started ProjetoEsofApplication in 4.439 seconds (JVM running for 6.024)
2021-01-08 02:23:30.347  INFO 1496 --- [restartedMain] p.u.i.e.projeto.ProjetoEsofApplication   : Starting ProjetoEsofApplication on LAPTOP-2FDA8FO3 with PID 1496 (C:\Users\ppinh\OneDrive\Documentos\GitHub\ProjetoESOF1\target\classes started by ppinh in C:\Users\ppinh\OneDrive\Documentos\GitHub\ProjetoESOF1)
2021-01-08 02:23:30.347  INFO 1496 --- [restartedMain] p.u.i.e.projeto.ProjetoEsofApplication   : No active profile set, falling back to default profiles: default
2021-01-08 02:23:31.506  INFO 1496 --- [restartedMain] pt.ufp.info.esof.projeto.Inicializacao   : 


Inicializou



2021-01-08 02:23:31.526  INFO 1496 --- [restartedMain] p.u.i.e.projeto.ProjetoEsofApplication   : Started ProjetoEsofApplication in 1.214 seconds (JVM running for 1726.809)
2021-01-08 02:24:26.502  INFO 1496 --- [restartedMain] p.u.i.e.projeto.ProjetoEsofApplication   : Starting ProjetoEsofApplication on LAPTOP-2FDA8FO3 with PID 1496 (C:\Users\ppinh\OneDrive\Documentos\GitHub\ProjetoESOF1\target\classes started by ppinh in C:\Users\ppinh\OneDrive\Documentos\GitHub\ProjetoESOF1)
2021-01-08 02:24:26.503  INFO 1496 --- [restartedMain] p.u.i.e.projeto.ProjetoEsofApplication   : No active profile set, falling back to default profiles: default
2021-01-08 02:24:27.920  INFO 1496 --- [restartedMain] pt.ufp.info.esof.projeto.Inicializacao   : 


Inicializou



2021-01-08 02:24:27.940  INFO 1496 --- [restartedMain] p.u.i.e.projeto.ProjetoEsofApplication   : Started ProjetoEsofApplication in 1.477 seconds (JVM running for 1783.223)
2021-01-08 02:24:29.208  INFO 22556 --- [restartedMain] p.u.i.e.projeto.ProjetoEsofApplication   : Starting ProjetoEsofApplication on LAPTOP-2FDA8FO3 with PID 22556 (C:\Users\ppinh\OneDrive\Documentos\GitHub\ProjetoESOF1\target\classes started by ppinh in C:\Users\ppinh\OneDrive\Documentos\GitHub\ProjetoESOF1)
2021-01-08 02:24:29.213  INFO 22556 --- [restartedMain] p.u.i.e.projeto.ProjetoEsofApplication   : No active profile set, falling back to default profiles: default
2021-01-08 02:24:33.809 ERROR 22556 --- [restartedMain] o.s.b.d.LoggingFailureAnalysisReporter   : 

***************************
APPLICATION FAILED TO START
***************************

Description:

Web server failed to start. Port 8080 was already in use.

Action:

Identify and stop the process that's listening on port 8080 or configure this application to listen on another port.

2021-01-08 02:33:46.306  INFO 1496 --- [restartedMain] p.u.i.e.projeto.ProjetoEsofApplication   : Starting ProjetoEsofApplication on LAPTOP-2FDA8FO3 with PID 1496 (C:\Users\ppinh\OneDrive\Documentos\GitHub\ProjetoESOF1\target\classes started by ppinh in C:\Users\ppinh\OneDrive\Documentos\GitHub\ProjetoESOF1)
2021-01-08 02:33:46.306  INFO 1496 --- [restartedMain] p.u.i.e.projeto.ProjetoEsofApplication   : No active profile set, falling back to default profiles: default
2021-01-08 02:33:47.965  INFO 1496 --- [restartedMain] pt.ufp.info.esof.projeto.Inicializacao   : 


Inicializou



2021-01-08 02:33:47.986  INFO 1496 --- [restartedMain] p.u.i.e.projeto.ProjetoEsofApplication   : Started ProjetoEsofApplication in 1.727 seconds (JVM running for 2343.269)
2021-01-08 02:33:49.183  INFO 2840 --- [restartedMain] p.u.i.e.projeto.ProjetoEsofApplication   : Starting ProjetoEsofApplication on LAPTOP-2FDA8FO3 with PID 2840 (C:\Users\ppinh\OneDrive\Documentos\GitHub\ProjetoESOF1\target\classes started by ppinh in C:\Users\ppinh\OneDrive\Documentos\GitHub\ProjetoESOF1)
2021-01-08 02:33:49.186  INFO 2840 --- [restartedMain] p.u.i.e.projeto.ProjetoEsofApplication   : No active profile set, falling back to default profiles: default
2021-01-08 02:33:53.758 ERROR 2840 --- [restartedMain] o.s.b.d.LoggingFailureAnalysisReporter   : 

***************************
APPLICATION FAILED TO START
***************************

Description:

Web server failed to start. Port 8080 was already in use.

Action:

Identify and stop the process that's listening on port 8080 or configure this application to listen on another port.

2021-01-08 02:34:30.892  INFO 1496 --- [restartedMain] p.u.i.e.projeto.ProjetoEsofApplication   : Starting ProjetoEsofApplication on LAPTOP-2FDA8FO3 with PID 1496 (C:\Users\ppinh\OneDrive\Documentos\GitHub\ProjetoESOF1\target\classes started by ppinh in C:\Users\ppinh\OneDrive\Documentos\GitHub\ProjetoESOF1)
2021-01-08 02:34:30.893  INFO 1496 --- [restartedMain] p.u.i.e.projeto.ProjetoEsofApplication   : No active profile set, falling back to default profiles: default
2021-01-08 02:34:32.045  INFO 1496 --- [restartedMain] pt.ufp.info.esof.projeto.Inicializacao   : 


Inicializou



2021-01-08 02:34:32.060  INFO 1496 --- [restartedMain] p.u.i.e.projeto.ProjetoEsofApplication   : Started ProjetoEsofApplication in 1.211 seconds (JVM running for 2387.343)
2021-01-08 02:34:32.577  INFO 21660 --- [restartedMain] p.u.i.e.projeto.ProjetoEsofApplication   : Starting ProjetoEsofApplication on LAPTOP-2FDA8FO3 with PID 21660 (C:\Users\ppinh\OneDrive\Documentos\GitHub\ProjetoESOF1\target\classes started by ppinh in C:\Users\ppinh\OneDrive\Documentos\GitHub\ProjetoESOF1)
2021-01-08 02:34:32.580  INFO 21660 --- [restartedMain] p.u.i.e.projeto.ProjetoEsofApplication   : No active profile set, falling back to default profiles: default
2021-01-08 02:34:36.691 ERROR 21660 --- [restartedMain] o.s.b.d.LoggingFailureAnalysisReporter   : 

***************************
APPLICATION FAILED TO START
***************************

Description:

Web server failed to start. Port 8080 was already in use.

Action:

Identify and stop the process that's listening on port 8080 or configure this application to listen on another port.

2021-01-08 02:35:22.428  INFO 18056 --- [restartedMain] p.u.i.e.projeto.ProjetoEsofApplication   : Starting ProjetoEsofApplication on LAPTOP-2FDA8FO3 with PID 18056 (C:\Users\ppinh\OneDrive\Documentos\GitHub\ProjetoESOF1\target\classes started by ppinh in C:\Users\ppinh\OneDrive\Documentos\GitHub\ProjetoESOF1)
2021-01-08 02:35:22.432  INFO 18056 --- [restartedMain] p.u.i.e.projeto.ProjetoEsofApplication   : No active profile set, falling back to default profiles: default
2021-01-08 02:35:26.157 ERROR 18056 --- [restartedMain] o.s.b.d.LoggingFailureAnalysisReporter   : 

***************************
APPLICATION FAILED TO START
***************************

Description:

Web server failed to start. Port 8080 was already in use.

Action:

Identify and stop the process that's listening on port 8080 or configure this application to listen on another port.

2021-01-08 02:36:06.848  INFO 13976 --- [restartedMain] p.u.i.e.projeto.ProjetoEsofApplication   : Starting ProjetoEsofApplication on LAPTOP-2FDA8FO3 with PID 13976 (C:\Users\ppinh\OneDrive\Documentos\GitHub\ProjetoESOF1\target\classes started by ppinh in C:\Users\ppinh\OneDrive\Documentos\GitHub\ProjetoESOF1)
2021-01-08 02:36:06.852  INFO 13976 --- [restartedMain] p.u.i.e.projeto.ProjetoEsofApplication   : No active profile set, falling back to default profiles: default
2021-01-08 02:36:10.861 ERROR 13976 --- [restartedMain] o.s.b.d.LoggingFailureAnalysisReporter   : 

***************************
APPLICATION FAILED TO START
***************************

Description:

Web server failed to start. Port 8080 was already in use.

Action:

Identify and stop the process that's listening on port 8080 or configure this application to listen on another port.

2021-01-08 02:36:24.810  INFO 3248 --- [restartedMain] p.u.i.e.projeto.ProjetoEsofApplication   : Starting ProjetoEsofApplication on LAPTOP-2FDA8FO3 with PID 3248 (C:\Users\ppinh\OneDrive\Documentos\GitHub\ProjetoESOF1\target\classes started by ppinh in C:\Users\ppinh\OneDrive\Documentos\GitHub\ProjetoESOF1)
2021-01-08 02:36:24.815  INFO 3248 --- [restartedMain] p.u.i.e.projeto.ProjetoEsofApplication   : No active profile set, falling back to default profiles: default
2021-01-08 02:36:29.168 ERROR 3248 --- [restartedMain] o.s.b.d.LoggingFailureAnalysisReporter   : 

***************************
APPLICATION FAILED TO START
***************************

Description:

Web server failed to start. Port 8080 was already in use.

Action:

Identify and stop the process that's listening on port 8080 or configure this application to listen on another port.

2021-01-08 02:37:37.341  INFO 1496 --- [restartedMain] p.u.i.e.projeto.ProjetoEsofApplication   : Starting ProjetoEsofApplication on LAPTOP-2FDA8FO3 with PID 1496 (C:\Users\ppinh\OneDrive\Documentos\GitHub\ProjetoESOF1\target\classes started by ppinh in C:\Users\ppinh\OneDrive\Documentos\GitHub\ProjetoESOF1)
2021-01-08 02:37:37.341  INFO 1496 --- [restartedMain] p.u.i.e.projeto.ProjetoEsofApplication   : No active profile set, falling back to default profiles: default
2021-01-08 02:37:39.180  INFO 1496 --- [restartedMain] pt.ufp.info.esof.projeto.Inicializacao   : 


Inicializou



2021-01-08 02:37:39.225  INFO 1496 --- [restartedMain] p.u.i.e.projeto.ProjetoEsofApplication   : Started ProjetoEsofApplication in 1.933 seconds (JVM running for 2574.508)
2021-01-08 02:37:40.880  INFO 7856 --- [restartedMain] p.u.i.e.projeto.ProjetoEsofApplication   : Starting ProjetoEsofApplication on LAPTOP-2FDA8FO3 with PID 7856 (C:\Users\ppinh\OneDrive\Documentos\GitHub\ProjetoESOF1\target\classes started by ppinh in C:\Users\ppinh\OneDrive\Documentos\GitHub\ProjetoESOF1)
2021-01-08 02:37:40.884  INFO 7856 --- [restartedMain] p.u.i.e.projeto.ProjetoEsofApplication   : No active profile set, falling back to default profiles: default
2021-01-08 02:37:45.028 ERROR 7856 --- [restartedMain] o.s.b.d.LoggingFailureAnalysisReporter   : 

***************************
APPLICATION FAILED TO START
***************************

Description:

Web server failed to start. Port 8080 was already in use.

Action:

Identify and stop the process that's listening on port 8080 or configure this application to listen on another port.

2021-01-08 02:42:57.517  INFO 24420 --- [restartedMain] p.u.i.e.projeto.ProjetoEsofApplication   : Starting ProjetoEsofApplication on LAPTOP-2FDA8FO3 with PID 24420 (C:\Users\ppinh\OneDrive\Documentos\GitHub\ProjetoESOF1\target\classes started by ppinh in C:\Users\ppinh\OneDrive\Documentos\GitHub\ProjetoESOF1)
2021-01-08 02:42:57.521  INFO 24420 --- [restartedMain] p.u.i.e.projeto.ProjetoEsofApplication   : No active profile set, falling back to default profiles: default
2021-01-08 02:43:01.867  INFO 24420 --- [restartedMain] pt.ufp.info.esof.projeto.Inicializacao   : 


Inicializou



2021-01-08 02:43:01.945  INFO 24420 --- [restartedMain] p.u.i.e.projeto.ProjetoEsofApplication   : Started ProjetoEsofApplication in 4.895 seconds (JVM running for 7.014)
2021-01-08 02:45:06.696  INFO 2800 --- [restartedMain] p.u.i.e.projeto.ProjetoEsofApplication   : Starting ProjetoEsofApplication on LAPTOP-2FDA8FO3 with PID 2800 (C:\Users\ppinh\OneDrive\Documentos\GitHub\ProjetoESOF1\target\classes started by ppinh in C:\Users\ppinh\OneDrive\Documentos\GitHub\ProjetoESOF1)
2021-01-08 02:45:06.701  INFO 2800 --- [restartedMain] p.u.i.e.projeto.ProjetoEsofApplication   : No active profile set, falling back to default profiles: default
2021-01-08 02:45:11.322  INFO 2800 --- [restartedMain] pt.ufp.info.esof.projeto.Inicializacao   : 


Inicializou



2021-01-08 02:45:11.405  INFO 2800 --- [restartedMain] p.u.i.e.projeto.ProjetoEsofApplication   : Started ProjetoEsofApplication in 5.243 seconds (JVM running for 7.139)
2021-01-08 02:50:19.991  INFO 2156 --- [restartedMain] p.u.i.e.projeto.ProjetoEsofApplication   : Starting ProjetoEsofApplication on LAPTOP-2FDA8FO3 with PID 2156 (C:\Users\ppinh\OneDrive\Documentos\GitHub\ProjetoESOF1\target\classes started by ppinh in C:\Users\ppinh\OneDrive\Documentos\GitHub\ProjetoESOF1)
2021-01-08 02:50:19.994  INFO 2156 --- [restartedMain] p.u.i.e.projeto.ProjetoEsofApplication   : No active profile set, falling back to default profiles: default
2021-01-08 02:50:24.196  INFO 2156 --- [restartedMain] pt.ufp.info.esof.projeto.Inicializacao   : 


Inicializou



2021-01-08 02:50:24.271  INFO 2156 --- [restartedMain] p.u.i.e.projeto.ProjetoEsofApplication   : Started ProjetoEsofApplication in 4.606 seconds (JVM running for 6.122)
